[debug] [2024-01-13T06:29:00.110Z] ----------------------------------------------------------------------
[debug] [2024-01-13T06:29:00.116Z] Command:       /usr/bin/node /usr/bin/firebase init
[debug] [2024-01-13T06:29:00.117Z] CLI Version:   12.9.1
[debug] [2024-01-13T06:29:00.118Z] Platform:      linux
[debug] [2024-01-13T06:29:00.118Z] Node Version:  v18.17.1
[debug] [2024-01-13T06:29:00.119Z] Time:          Sat Jan 13 2024 11:59:00 GMT+0530 (India Standard Time)
[debug] [2024-01-13T06:29:00.119Z] ----------------------------------------------------------------------
[debug] 
[debug] [2024-01-13T06:29:00.126Z] >>> [apiv2][query] GET https://firebase-public.firebaseio.com/cli.json [none]
[debug] [2024-01-13T06:29:00.217Z] > command requires scopes: ["email","openid","https://www.googleapis.com/auth/cloudplatformprojects.readonly","https://www.googleapis.com/auth/firebase","https://www.googleapis.com/auth/cloud-platform"]
[debug] [2024-01-13T06:29:00.218Z] > authorizing via signed-in user (venkatavasukrotha@gmail.com)
[info] 
     ######## #### ########  ######## ########     ###     ######  ########
     ##        ##  ##     ## ##       ##     ##  ##   ##  ##       ##
     ######    ##  ########  ######   ########  #########  ######  ######
     ##        ##  ##    ##  ##       ##     ## ##     ##       ## ##
     ##       #### ##     ## ######## ########  ##     ##  ######  ########

You're about to initialize a Firebase project in this directory:

  /home/vasu/Desktop/practics/eat_n_split

[debug] [2024-01-13T06:29:00.843Z] <<< [apiv2][status] GET https://firebase-public.firebaseio.com/cli.json 200
[debug] [2024-01-13T06:29:00.844Z] <<< [apiv2][body] GET https://firebase-public.firebaseio.com/cli.json {"cloudBuildErrorAfter":1594252800000,"cloudBuildWarnAfter":1590019200000,"defaultNode10After":1594252800000,"minVersion":"3.0.5","node8DeploysDisabledAfter":1613390400000,"node8RuntimeDisabledAfter":1615809600000,"node8WarnAfter":1600128000000}
